# JRE version: Java(TM) SE Runtime Environment (8.0_201-b09) (build 1.8.0_201-b09)
# Java VM: Java HotSpot(TM) 64-Bit Server VM (25.201-b09 mixed mode linux-amd64 compressed oops)
Heap:
 PSYoungGen      total 431104K, used 14051K [0x00000000d7180000, 0x00000000f3680000, 0x0000000100000000)
  eden space 416768K, 0% used [0x00000000d7180000,0x00000000d7180000,0x00000000f0880000)
  from space 14336K, 98% used [0x00000000f1400000,0x00000000f21b8d38,0x00000000f2200000)
  to   space 20992K, 0% used [0x00000000f2200000,0x00000000f2200000,0x00000000f3680000)
 ParOldGen       total 114688K, used 29555K [0x0000000085400000, 0x000000008c400000, 0x00000000d7180000)
  object space 114688K, 25% used [0x0000000085400000,0x00000000870dcd88,0x000000008c400000)
 Metaspace       used 66997K, capacity 70321K, committed 70400K, reserved 1110016K
  class space    used 9157K, capacity 9691K, committed 9728K, reserved 1048576K
GC Heap History (10 events):
Event: 4.063 GC heap after
Heap after GC invocations=10 (full 2):
 PSYoungGen      total 348672K, used 15845K [0x00000000d7180000, 0x00000000f1500000, 0x0000000100000000)
  eden space 332800K, 0% used [0x00000000d7180000,0x00000000d7180000,0x00000000eb680000)
  from space 15872K, 99% used [0x00000000eca00000,0x00000000ed979650,0x00000000ed980000)
  to   space 19968K, 0% used [0x00000000eb680000,0x00000000eb680000,0x00000000eca00000)
 ParOldGen       total 86528K, used 24030K [0x0000000085400000, 0x000000008a880000, 0x00000000d7180000)
  object space 86528K, 27% used [0x0000000085400000,0x0000000086b77a48,0x000000008a880000)
 Metaspace       used 49808K, capacity 51668K, committed 51968K, reserved 1093632K
  class space    used 6681K, capacity 7047K, committed 7168K, reserved 1048576K
}
Event: 4.864 GC heap before
{Heap before GC invocations=11 (full 2):
 PSYoungGen      total 348672K, used 126261K [0x00000000d7180000, 0x00000000f1500000, 0x0000000100000000)
  eden space 332800K, 33% used [0x00000000d7180000,0x00000000ddd53e58,0x00000000eb680000)
  from space 15872K, 99% used [0x00000000eca00000,0x00000000ed979650,0x00000000ed980000)
  to   space 19968K, 0% used [0x00000000eb680000,0x00000000eb680000,0x00000000eca00000)
 ParOldGen       total 86528K, used 24030K [0x0000000085400000, 0x000000008a880000, 0x00000000d7180000)
  object space 86528K, 27% used [0x0000000085400000,0x0000000086b77a48,0x000000008a880000)
 Metaspace       used 56607K, capacity 59087K, committed 59096K, reserved 1099776K
  class space    used 7723K, capacity 8183K, committed 8192K, reserved 1048576K
Event: 4.877 GC heap after
Heap after GC invocations=11 (full 2):
 PSYoungGen      total 352768K, used 15876K [0x00000000d7180000, 0x00000000f4480000, 0x0000000100000000)
  eden space 332800K, 0% used [0x00000000d7180000,0x00000000d7180000,0x00000000eb680000)
  from space 19968K, 79% used [0x00000000eb680000,0x00000000ec6010d0,0x00000000eca00000)
  to   space 21504K, 0% used [0x00000000f2f80000,0x00000000f2f80000,0x00000000f4480000)
 ParOldGen       total 86528K, used 24038K [0x0000000085400000, 0x000000008a880000, 0x00000000d7180000)
  object space 86528K, 27% used [0x0000000085400000,0x0000000086b79a48,0x000000008a880000)
 Metaspace       used 56607K, capacity 59087K, committed 59096K, reserved 1099776K
  class space    used 7723K, capacity 8183K, committed 8192K, reserved 1048576K
}
Event: 4.877 GC heap before
{Heap before GC invocations=12 (full 3):
 PSYoungGen      total 352768K, used 15876K [0x00000000d7180000, 0x00000000f4480000, 0x0000000100000000)
  eden space 332800K, 0% used [0x00000000d7180000,0x00000000d7180000,0x00000000eb680000)
  from space 19968K, 79% used [0x00000000eb680000,0x00000000ec6010d0,0x00000000eca00000)
  to   space 21504K, 0% used [0x00000000f2f80000,0x00000000f2f80000,0x00000000f4480000)
 ParOldGen       total 86528K, used 24038K [0x0000000085400000, 0x000000008a880000, 0x00000000d7180000)
  object space 86528K, 27% used [0x0000000085400000,0x0000000086b79a48,0x000000008a880000)
 Metaspace       used 56607K, capacity 59087K, committed 59096K, reserved 1099776K
  class space    used 7723K, capacity 8183K, committed 8192K, reserved 1048576K
Event: 4.965 GC heap after
Heap after GC invocations=12 (full 3):
 PSYoungGen      total 352768K, used 0K [0x00000000d7180000, 0x00000000f4480000, 0x0000000100000000)
  eden space 332800K, 0% used [0x00000000d7180000,0x00000000d7180000,0x00000000eb680000)
  from space 19968K, 0% used [0x00000000eb680000,0x00000000eb680000,0x00000000eca00000)
  to   space 21504K, 0% used [0x00000000f2f80000,0x00000000f2f80000,0x00000000f4480000)
 ParOldGen       total 114688K, used 29539K [0x0000000085400000, 0x000000008c400000, 0x00000000d7180000)
  object space 114688K, 25% used [0x0000000085400000,0x00000000870d8d88,0x000000008c400000)
 Metaspace       used 56607K, capacity 59087K, committed 59096K, reserved 1099776K
  class space    used 7723K, capacity 8183K, committed 8192K, reserved 1048576K
}
Event: 20.184 GC heap before
{Heap before GC invocations=13 (full 3):
 PSYoungGen      total 352768K, used 332800K [0x00000000d7180000, 0x00000000f4480000, 0x0000000100000000)
  eden space 332800K, 100% used [0x00000000d7180000,0x00000000eb680000,0x00000000eb680000)
  from space 19968K, 0% used [0x00000000eb680000,0x00000000eb680000,0x00000000eca00000)
  to   space 21504K, 0% used [0x00000000f2f80000,0x00000000f2f80000,0x00000000f4480000)
 ParOldGen       total 114688K, used 29539K [0x0000000085400000, 0x000000008c400000, 0x00000000d7180000)
  object space 114688K, 25% used [0x0000000085400000,0x00000000870d8d88,0x000000008c400000)
 Metaspace       used 64849K, capacity 68145K, committed 68480K, reserved 1107968K
  class space    used 8912K, capacity 9474K, committed 9600K, reserved 1048576K
Event: 20.208 GC heap after
Heap after GC invocations=13 (full 3):
 PSYoungGen      total 434688K, used 17631K [0x00000000d7180000, 0x00000000f4100000, 0x0000000100000000)
  eden space 416768K, 0% used [0x00000000d7180000,0x00000000d7180000,0x00000000f0880000)
  from space 17920K, 98% used [0x00000000f2f80000,0x00000000f40b7ee0,0x00000000f4100000)
  to   space 23040K, 0% used [0x00000000f1400000,0x00000000f1400000,0x00000000f2a80000)
 ParOldGen       total 114688K, used 29547K [0x0000000085400000, 0x000000008c400000, 0x00000000d7180000)
  object space 114688K, 25% used [0x0000000085400000,0x00000000870dad88,0x000000008c400000)
 Metaspace       used 64849K, capacity 68145K, committed 68480K, reserved 1107968K
  class space    used 8912K, capacity 9474K, committed 9600K, reserved 1048576K
}
Event: 764.666 GC heap before
{Heap before GC invocations=14 (full 3):
 PSYoungGen      total 434688K, used 152264K [0x00000000d7180000, 0x00000000f4100000, 0x0000000100000000)
  eden space 416768K, 32% used [0x00000000d7180000,0x00000000df4fa1e0,0x00000000f0880000)
  from space 17920K, 98% used [0x00000000f2f80000,0x00000000f40b7ee0,0x00000000f4100000)
  to   space 23040K, 0% used [0x00000000f1400000,0x00000000f1400000,0x00000000f2a80000)
 ParOldGen       total 114688K, used 29547K [0x0000000085400000, 0x000000008c400000, 0x00000000d7180000)
  object space 114688K, 25% used [0x0000000085400000,0x00000000870dad88,0x000000008c400000)
 Metaspace       used 66997K, capacity 70321K, committed 70400K, reserved 1110016K
  class space    used 9157K, capacity 9691K, committed 9728K, reserved 1048576K
Event: 764.681 GC heap after
Heap after GC invocations=14 (full 3):
 PSYoungGen      total 431104K, used 14051K [0x00000000d7180000, 0x00000000f3680000, 0x0000000100000000)
  eden space 416768K, 0% used [0x00000000d7180000,0x00000000d7180000,0x00000000f0880000)
  from space 14336K, 98% used [0x00000000f1400000,0x00000000f21b8d38,0x00000000f2200000)
  to   space 20992K, 0% used [0x00000000f2200000,0x00000000f2200000,0x00000000f3680000)
 ParOldGen       total 114688K, used 29555K [0x0000000085400000, 0x000000008c400000, 0x00000000d7180000)
  object space 114688K, 25% used [0x0000000085400000,0x00000000870dcd88,0x000000008c400000)
 Metaspace       used 66997K, capacity 70321K, committed 70400K, reserved 1110016K
  class space    used 9157K, capacity 9691K, committed 9728K, reserved 1048576K
}
Event: 764.681 GC heap before
{Heap before GC invocations=15 (full 4):
 PSYoungGen      total 431104K, used 14051K [0x00000000d7180000, 0x00000000f3680000, 0x0000000100000000)
  eden space 416768K, 0% used [0x00000000d7180000,0x00000000d7180000,0x00000000f0880000)
  from space 14336K, 98% used [0x00000000f1400000,0x00000000f21b8d38,0x00000000f2200000)
  to   space 20992K, 0% used [0x00000000f2200000,0x00000000f2200000,0x00000000f3680000)
 ParOldGen       total 114688K, used 29555K [0x0000000085400000, 0x000000008c400000, 0x00000000d7180000)
  object space 114688K, 25% used [0x0000000085400000,0x00000000870dcd88,0x000000008c400000)
 Metaspace       used 66997K, capacity 70321K, committed 70400K, reserved 1110016K
  class space    used 9157K, capacity 9691K, committed 9728K, reserved 1048576K

