# JRE version: Java(TM) SE Runtime Environment (8.0_201-b09) (build 1.8.0_201-b09)
# Java VM: Java HotSpot(TM) 64-Bit Server VM (25.201-b09 mixed mode linux-amd64 compressed oops)
Heap:
 PSYoungGen      total 262144K, used 10725K [0x00000000d7180000, 0x00000000ec280000, 0x0000000100000000)
  eden space 251392K, 0% used [0x00000000d7180000,0x00000000d7180000,0x00000000e6700000)
  from space 10752K, 99% used [0x00000000e6700000,0x00000000e7179730,0x00000000e7180000)
  to   space 15872K, 0% used [0x00000000eb300000,0x00000000eb300000,0x00000000ec280000)
 ParOldGen       total 53760K, used 13122K [0x0000000085400000, 0x0000000088880000, 0x00000000d7180000)
  object space 53760K, 24% used [0x0000000085400000,0x00000000860d0b90,0x0000000088880000)
 Metaspace       used 33805K, capacity 35378K, committed 35496K, reserved 1079296K
  class space    used 4351K, capacity 4700K, committed 4784K, reserved 1048576K
GC Heap History (10 events):
Event: 0.975 GC heap after
Heap after GC invocations=4 (full 0):
 PSYoungGen      total 132096K, used 5112K [0x00000000d7180000, 0x00000000df780000, 0x0000000100000000)
  eden space 126976K, 0% used [0x00000000d7180000,0x00000000d7180000,0x00000000ded80000)
  from space 5120K, 99% used [0x00000000df280000,0x00000000df77e338,0x00000000df780000)
  to   space 5120K, 0% used [0x00000000ded80000,0x00000000ded80000,0x00000000df280000)
 ParOldGen       total 84992K, used 4601K [0x0000000085400000, 0x000000008a700000, 0x00000000d7180000)
  object space 84992K, 5% used [0x0000000085400000,0x000000008587e718,0x000000008a700000)
 Metaspace       used 18321K, capacity 18816K, committed 18944K, reserved 1064960K
  class space    used 2359K, capacity 2532K, committed 2560K, reserved 1048576K
}
Event: 1.100 GC heap before
{Heap before GC invocations=5 (full 0):
 PSYoungGen      total 132096K, used 33871K [0x00000000d7180000, 0x00000000df780000, 0x0000000100000000)
  eden space 126976K, 22% used [0x00000000d7180000,0x00000000d8d95968,0x00000000ded80000)
  from space 5120K, 99% used [0x00000000df280000,0x00000000df77e338,0x00000000df780000)
  to   space 5120K, 0% used [0x00000000ded80000,0x00000000ded80000,0x00000000df280000)
 ParOldGen       total 84992K, used 4601K [0x0000000085400000, 0x000000008a700000, 0x00000000d7180000)
  object space 84992K, 5% used [0x0000000085400000,0x000000008587e718,0x000000008a700000)
 Metaspace       used 20620K, capacity 21154K, committed 21296K, reserved 1067008K
  class space    used 2658K, capacity 2821K, committed 2864K, reserved 1048576K
Event: 1.117 GC heap after
Heap after GC invocations=5 (full 0):
 PSYoungGen      total 132096K, used 5112K [0x00000000d7180000, 0x00000000e7d80000, 0x0000000100000000)
  eden space 126976K, 0% used [0x00000000d7180000,0x00000000d7180000,0x00000000ded80000)
  from space 5120K, 99% used [0x00000000ded80000,0x00000000df27e1d0,0x00000000df280000)
  to   space 10240K, 0% used [0x00000000e7380000,0x00000000e7380000,0x00000000e7d80000)
 ParOldGen       total 84992K, used 6446K [0x0000000085400000, 0x000000008a700000, 0x00000000d7180000)
  object space 84992K, 7% used [0x0000000085400000,0x0000000085a4b8d0,0x000000008a700000)
 Metaspace       used 20620K, capacity 21154K, committed 21296K, reserved 1067008K
  class space    used 2658K, capacity 2821K, committed 2864K, reserved 1048576K
}
Event: 1.117 GC heap before
{Heap before GC invocations=6 (full 1):
 PSYoungGen      total 132096K, used 5112K [0x00000000d7180000, 0x00000000e7d80000, 0x0000000100000000)
  eden space 126976K, 0% used [0x00000000d7180000,0x00000000d7180000,0x00000000ded80000)
  from space 5120K, 99% used [0x00000000ded80000,0x00000000df27e1d0,0x00000000df280000)
  to   space 10240K, 0% used [0x00000000e7380000,0x00000000e7380000,0x00000000e7d80000)
 ParOldGen       total 84992K, used 6446K [0x0000000085400000, 0x000000008a700000, 0x00000000d7180000)
  object space 84992K, 7% used [0x0000000085400000,0x0000000085a4b8d0,0x000000008a700000)
 Metaspace       used 20620K, capacity 21154K, committed 21296K, reserved 1067008K
  class space    used 2658K, capacity 2821K, committed 2864K, reserved 1048576K
Event: 1.158 GC heap after
Heap after GC invocations=6 (full 1):
 PSYoungGen      total 132096K, used 0K [0x00000000d7180000, 0x00000000e7d80000, 0x0000000100000000)
  eden space 126976K, 0% used [0x00000000d7180000,0x00000000d7180000,0x00000000ded80000)
  from space 5120K, 0% used [0x00000000ded80000,0x00000000ded80000,0x00000000df280000)
  to   space 10240K, 0% used [0x00000000e7380000,0x00000000e7380000,0x00000000e7d80000)
 ParOldGen       total 53760K, used 6772K [0x0000000085400000, 0x0000000088880000, 0x00000000d7180000)
  object space 53760K, 12% used [0x0000000085400000,0x0000000085a9d158,0x0000000088880000)
 Metaspace       used 20620K, capacity 21154K, committed 21296K, reserved 1067008K
  class space    used 2658K, capacity 2821K, committed 2864K, reserved 1048576K
}
Event: 1.720 GC heap before
{Heap before GC invocations=7 (full 1):
 PSYoungGen      total 132096K, used 126976K [0x00000000d7180000, 0x00000000e7d80000, 0x0000000100000000)
  eden space 126976K, 100% used [0x00000000d7180000,0x00000000ded80000,0x00000000ded80000)
  from space 5120K, 0% used [0x00000000ded80000,0x00000000ded80000,0x00000000df280000)
  to   space 10240K, 0% used [0x00000000e7380000,0x00000000e7380000,0x00000000e7d80000)
 ParOldGen       total 53760K, used 6772K [0x0000000085400000, 0x0000000088880000, 0x00000000d7180000)
  object space 53760K, 12% used [0x0000000085400000,0x0000000085a9d158,0x0000000088880000)
 Metaspace       used 24556K, capacity 25254K, committed 25392K, reserved 1071104K
  class space    used 3131K, capacity 3333K, committed 3376K, reserved 1048576K
Event: 1.728 GC heap after
Heap after GC invocations=7 (full 1):
 PSYoungGen      total 210944K, used 8249K [0x00000000d7180000, 0x00000000e7c00000, 0x0000000100000000)
  eden space 202240K, 0% used [0x00000000d7180000,0x00000000d7180000,0x00000000e3700000)
  from space 8704K, 94% used [0x00000000e7380000,0x00000000e7b8e438,0x00000000e7c00000)
  to   space 10752K, 0% used [0x00000000e6700000,0x00000000e6700000,0x00000000e7180000)
 ParOldGen       total 53760K, used 6844K [0x0000000085400000, 0x0000000088880000, 0x00000000d7180000)
  object space 53760K, 12% used [0x0000000085400000,0x0000000085aaf168,0x0000000088880000)
 Metaspace       used 24556K, capacity 25254K, committed 25392K, reserved 1071104K
  class space    used 3131K, capacity 3333K, committed 3376K, reserved 1048576K
}
Event: 3.079 GC heap before
{Heap before GC invocations=8 (full 1):
 PSYoungGen      total 210944K, used 183374K [0x00000000d7180000, 0x00000000e7c00000, 0x0000000100000000)
  eden space 202240K, 86% used [0x00000000d7180000,0x00000000e1c856c0,0x00000000e3700000)
  from space 8704K, 94% used [0x00000000e7380000,0x00000000e7b8e438,0x00000000e7c00000)
  to   space 10752K, 0% used [0x00000000e6700000,0x00000000e6700000,0x00000000e7180000)
 ParOldGen       total 53760K, used 6844K [0x0000000085400000, 0x0000000088880000, 0x00000000d7180000)
  object space 53760K, 12% used [0x0000000085400000,0x0000000085aaf168,0x0000000088880000)
 Metaspace       used 33805K, capacity 35378K, committed 35496K, reserved 1079296K
  class space    used 4351K, capacity 4700K, committed 4784K, reserved 1048576K
Event: 3.105 GC heap after
Heap after GC invocations=8 (full 1):
 PSYoungGen      total 262144K, used 10725K [0x00000000d7180000, 0x00000000ec280000, 0x0000000100000000)
  eden space 251392K, 0% used [0x00000000d7180000,0x00000000d7180000,0x00000000e6700000)
  from space 10752K, 99% used [0x00000000e6700000,0x00000000e7179730,0x00000000e7180000)
  to   space 15872K, 0% used [0x00000000eb300000,0x00000000eb300000,0x00000000ec280000)
 ParOldGen       total 53760K, used 13122K [0x0000000085400000, 0x0000000088880000, 0x00000000d7180000)
  object space 53760K, 24% used [0x0000000085400000,0x00000000860d0b90,0x0000000088880000)
 Metaspace       used 33805K, capacity 35378K, committed 35496K, reserved 1079296K
  class space    used 4351K, capacity 4700K, committed 4784K, reserved 1048576K
}
Event: 3.105 GC heap before
{Heap before GC invocations=9 (full 2):
 PSYoungGen      total 262144K, used 10725K [0x00000000d7180000, 0x00000000ec280000, 0x0000000100000000)
  eden space 251392K, 0% used [0x00000000d7180000,0x00000000d7180000,0x00000000e6700000)
  from space 10752K, 99% used [0x00000000e6700000,0x00000000e7179730,0x00000000e7180000)
  to   space 15872K, 0% used [0x00000000eb300000,0x00000000eb300000,0x00000000ec280000)
 ParOldGen       total 53760K, used 13122K [0x0000000085400000, 0x0000000088880000, 0x00000000d7180000)
  object space 53760K, 24% used [0x0000000085400000,0x00000000860d0b90,0x0000000088880000)
 Metaspace       used 33805K, capacity 35378K, committed 35496K, reserved 1079296K
  class space    used 4351K, capacity 4700K, committed 4784K, reserved 1048576K

