# JRE version: Java(TM) SE Runtime Environment (8.0_201-b09) (build 1.8.0_201-b09)
# Java VM: Java HotSpot(TM) 64-Bit Server VM (25.201-b09 mixed mode linux-amd64 compressed oops)
Heap:
 PSYoungGen      total 261120K, used 10211K [0x00000000d7180000, 0x00000000eb800000, 0x0000000100000000)
  eden space 250880K, 0% used [0x00000000d7180000,0x00000000d7180000,0x00000000e6680000)
  from space 10240K, 99% used [0x00000000e6680000,0x00000000e7078df0,0x00000000e7080000)
  to   space 13824K, 0% used [0x00000000eaa80000,0x00000000eaa80000,0x00000000eb800000)
 ParOldGen       total 54272K, used 10036K [0x0000000085400000, 0x0000000088900000, 0x00000000d7180000)
  object space 54272K, 18% used [0x0000000085400000,0x0000000085dcd110,0x0000000088900000)
 Metaspace       used 33816K, capacity 35370K, committed 35456K, reserved 1079296K
  class space    used 4342K, capacity 4668K, committed 4736K, reserved 1048576K
GC Heap History (10 events):
Event: 0.947 GC heap after
Heap after GC invocations=4 (full 0):
 PSYoungGen      total 132096K, used 5090K [0x00000000d7180000, 0x00000000df780000, 0x0000000100000000)
  eden space 126976K, 0% used [0x00000000d7180000,0x00000000d7180000,0x00000000ded80000)
  from space 5120K, 99% used [0x00000000df280000,0x00000000df778ac0,0x00000000df780000)
  to   space 5120K, 0% used [0x00000000ded80000,0x00000000ded80000,0x00000000df280000)
 ParOldGen       total 84992K, used 5209K [0x0000000085400000, 0x000000008a700000, 0x00000000d7180000)
  object space 84992K, 6% used [0x0000000085400000,0x0000000085916608,0x000000008a700000)
 Metaspace       used 18651K, capacity 19170K, committed 19328K, reserved 1067008K
  class space    used 2411K, capacity 2563K, committed 2688K, reserved 1048576K
}
Event: 1.117 GC heap before
{Heap before GC invocations=5 (full 0):
 PSYoungGen      total 132096K, used 29537K [0x00000000d7180000, 0x00000000df780000, 0x0000000100000000)
  eden space 126976K, 19% used [0x00000000d7180000,0x00000000d895f9b0,0x00000000ded80000)
  from space 5120K, 99% used [0x00000000df280000,0x00000000df778ac0,0x00000000df780000)
  to   space 5120K, 0% used [0x00000000ded80000,0x00000000ded80000,0x00000000df280000)
 ParOldGen       total 84992K, used 5209K [0x0000000085400000, 0x000000008a700000, 0x00000000d7180000)
  object space 84992K, 6% used [0x0000000085400000,0x0000000085916608,0x000000008a700000)
 Metaspace       used 20655K, capacity 21160K, committed 21296K, reserved 1067008K
  class space    used 2683K, capacity 2822K, committed 2944K, reserved 1048576K
Event: 1.123 GC heap after
Heap after GC invocations=5 (full 0):
 PSYoungGen      total 132096K, used 5110K [0x00000000d7180000, 0x00000000e7c80000, 0x0000000100000000)
  eden space 126976K, 0% used [0x00000000d7180000,0x00000000d7180000,0x00000000ded80000)
  from space 5120K, 99% used [0x00000000ded80000,0x00000000df27dac0,0x00000000df280000)
  to   space 9728K, 0% used [0x00000000e7300000,0x00000000e7300000,0x00000000e7c80000)
 ParOldGen       total 84992K, used 6341K [0x0000000085400000, 0x000000008a700000, 0x00000000d7180000)
  object space 84992K, 7% used [0x0000000085400000,0x0000000085a31570,0x000000008a700000)
 Metaspace       used 20655K, capacity 21160K, committed 21296K, reserved 1067008K
  class space    used 2683K, capacity 2822K, committed 2944K, reserved 1048576K
}
Event: 1.123 GC heap before
{Heap before GC invocations=6 (full 1):
 PSYoungGen      total 132096K, used 5110K [0x00000000d7180000, 0x00000000e7c80000, 0x0000000100000000)
  eden space 126976K, 0% used [0x00000000d7180000,0x00000000d7180000,0x00000000ded80000)
  from space 5120K, 99% used [0x00000000ded80000,0x00000000df27dac0,0x00000000df280000)
  to   space 9728K, 0% used [0x00000000e7300000,0x00000000e7300000,0x00000000e7c80000)
 ParOldGen       total 84992K, used 6341K [0x0000000085400000, 0x000000008a700000, 0x00000000d7180000)
  object space 84992K, 7% used [0x0000000085400000,0x0000000085a31570,0x000000008a700000)
 Metaspace       used 20655K, capacity 21160K, committed 21296K, reserved 1067008K
  class space    used 2683K, capacity 2822K, committed 2944K, reserved 1048576K
Event: 1.157 GC heap after
Heap after GC invocations=6 (full 1):
 PSYoungGen      total 132096K, used 0K [0x00000000d7180000, 0x00000000e7c80000, 0x0000000100000000)
  eden space 126976K, 0% used [0x00000000d7180000,0x00000000d7180000,0x00000000ded80000)
  from space 5120K, 0% used [0x00000000ded80000,0x00000000ded80000,0x00000000df280000)
  to   space 9728K, 0% used [0x00000000e7300000,0x00000000e7300000,0x00000000e7c80000)
 ParOldGen       total 54272K, used 6033K [0x0000000085400000, 0x0000000088900000, 0x00000000d7180000)
  object space 54272K, 11% used [0x0000000085400000,0x00000000859e4528,0x0000000088900000)
 Metaspace       used 20655K, capacity 21160K, committed 21296K, reserved 1067008K
  class space    used 2683K, capacity 2822K, committed 2944K, reserved 1048576K
}
Event: 1.700 GC heap before
{Heap before GC invocations=7 (full 1):
 PSYoungGen      total 132096K, used 126976K [0x00000000d7180000, 0x00000000e7c80000, 0x0000000100000000)
  eden space 126976K, 100% used [0x00000000d7180000,0x00000000ded80000,0x00000000ded80000)
  from space 5120K, 0% used [0x00000000ded80000,0x00000000ded80000,0x00000000df280000)
  to   space 9728K, 0% used [0x00000000e7300000,0x00000000e7300000,0x00000000e7c80000)
 ParOldGen       total 54272K, used 6033K [0x0000000085400000, 0x0000000088900000, 0x00000000d7180000)
  object space 54272K, 11% used [0x0000000085400000,0x00000000859e4528,0x0000000088900000)
 Metaspace       used 25403K, capacity 26278K, committed 26624K, reserved 1073152K
  class space    used 3254K, capacity 3490K, committed 3584K, reserved 1048576K
Event: 1.713 GC heap after
Heap after GC invocations=7 (full 1):
 PSYoungGen      total 207872K, used 7266K [0x00000000d7180000, 0x00000000e7a80000, 0x0000000100000000)
  eden space 200192K, 0% used [0x00000000d7180000,0x00000000d7180000,0x00000000e3500000)
  from space 7680K, 94% used [0x00000000e7300000,0x00000000e7a18968,0x00000000e7a80000)
  to   space 10240K, 0% used [0x00000000e6680000,0x00000000e6680000,0x00000000e7080000)
 ParOldGen       total 54272K, used 6105K [0x0000000085400000, 0x0000000088900000, 0x00000000d7180000)
  object space 54272K, 11% used [0x0000000085400000,0x00000000859f6538,0x0000000088900000)
 Metaspace       used 25403K, capacity 26278K, committed 26624K, reserved 1073152K
  class space    used 3254K, capacity 3490K, committed 3584K, reserved 1048576K
}
Event: 2.664 GC heap before
{Heap before GC invocations=8 (full 1):
 PSYoungGen      total 207872K, used 158696K [0x00000000d7180000, 0x00000000e7a80000, 0x0000000100000000)
  eden space 200192K, 75% used [0x00000000d7180000,0x00000000e05618b0,0x00000000e3500000)
  from space 7680K, 94% used [0x00000000e7300000,0x00000000e7a18968,0x00000000e7a80000)
  to   space 10240K, 0% used [0x00000000e6680000,0x00000000e6680000,0x00000000e7080000)
 ParOldGen       total 54272K, used 6105K [0x0000000085400000, 0x0000000088900000, 0x00000000d7180000)
  object space 54272K, 11% used [0x0000000085400000,0x00000000859f6538,0x0000000088900000)
 Metaspace       used 33816K, capacity 35370K, committed 35456K, reserved 1079296K
  class space    used 4342K, capacity 4668K, committed 4736K, reserved 1048576K
Event: 2.678 GC heap after
Heap after GC invocations=8 (full 1):
 PSYoungGen      total 261120K, used 10211K [0x00000000d7180000, 0x00000000eb800000, 0x0000000100000000)
  eden space 250880K, 0% used [0x00000000d7180000,0x00000000d7180000,0x00000000e6680000)
  from space 10240K, 99% used [0x00000000e6680000,0x00000000e7078df0,0x00000000e7080000)
  to   space 13824K, 0% used [0x00000000eaa80000,0x00000000eaa80000,0x00000000eb800000)
 ParOldGen       total 54272K, used 10036K [0x0000000085400000, 0x0000000088900000, 0x00000000d7180000)
  object space 54272K, 18% used [0x0000000085400000,0x0000000085dcd110,0x0000000088900000)
 Metaspace       used 33816K, capacity 35370K, committed 35456K, reserved 1079296K
  class space    used 4342K, capacity 4668K, committed 4736K, reserved 1048576K
}
Event: 2.678 GC heap before
{Heap before GC invocations=9 (full 2):
 PSYoungGen      total 261120K, used 10211K [0x00000000d7180000, 0x00000000eb800000, 0x0000000100000000)
  eden space 250880K, 0% used [0x00000000d7180000,0x00000000d7180000,0x00000000e6680000)
  from space 10240K, 99% used [0x00000000e6680000,0x00000000e7078df0,0x00000000e7080000)
  to   space 13824K, 0% used [0x00000000eaa80000,0x00000000eaa80000,0x00000000eb800000)
 ParOldGen       total 54272K, used 10036K [0x0000000085400000, 0x0000000088900000, 0x00000000d7180000)
  object space 54272K, 18% used [0x0000000085400000,0x0000000085dcd110,0x0000000088900000)
 Metaspace       used 33816K, capacity 35370K, committed 35456K, reserved 1079296K
  class space    used 4342K, capacity 4668K, committed 4736K, reserved 1048576K

